[2026-07-15T08:20:57.885Z] --- INIZIO SCRIPT DI CONTROLLO PREZZI E NOTIFICHE ---
[2026-07-15T08:20:57.893Z] Connessione al database stabilita.
[2026-07-15T08:20:57.907Z] Trovate 2 sottoscrizioni attive idonee per il controllo.
[2026-07-15T08:20:57.952Z] [ALERT TRIGGERATO #1] Utente testuser_1784100968155@example.com: Prezzo attuale 1.569 soddisfa la soglia (cheapest_in_area / N/A).
[2026-07-15T08:20:57.954Z] [TEST MODE] Salto invio email reale a testuser_1784100968155@example.com per la sottoscrizione #1.
[2026-07-15T08:20:57.980Z] [SUCCESS #1] Notifica registrata nel database.
[2026-07-15T08:20:57.985Z] [ALERT TRIGGERATO #9] Utente test_alert_1784103657825@example.com: Prezzo attuale 1.499 soddisfa la soglia (below_price / 1.600).
[2026-07-15T08:20:57.986Z] [TEST MODE] Salto invio email reale a test_alert_1784103657825@example.com per la sottoscrizione #9.
[2026-07-15T08:20:58.008Z] [SUCCESS #9] Notifica registrata nel database.
[2026-07-15T08:20:58.010Z] --- COMPLETATO CONTROLLO PREZZI E NOTIFICHE ---
[2026-07-15T08:20:58.012Z] Connessione al database chiusa.
[2026-07-15T08:21:07.757Z] --- INIZIO SCRIPT DI CONTROLLO PREZZI E NOTIFICHE ---
[2026-07-15T08:21:07.765Z] Connessione al database stabilita.
[2026-07-15T08:21:07.773Z] Trovate 1 sottoscrizioni attive idonee per il controllo.
[2026-07-15T08:21:07.777Z] [ALERT TRIGGERATO #10] Utente test_alert_1784103667644@example.com: Prezzo attuale 1.499 soddisfa la soglia (below_price / 1.600).
[2026-07-15T08:21:07.781Z] [TEST MODE] Salto invio email reale a test_alert_1784103667644@example.com per la sottoscrizione #10.
[2026-07-15T08:21:07.801Z] [SUCCESS #10] Notifica registrata nel database.
[2026-07-15T08:21:07.802Z] --- COMPLETATO CONTROLLO PREZZI E NOTIFICHE ---
[2026-07-15T08:21:07.803Z] Connessione al database chiusa.
[2026-07-15T08:21:17.484Z] --- INIZIO SCRIPT DI CONTROLLO PREZZI E NOTIFICHE ---
[2026-07-15T08:21:17.494Z] Connessione al database stabilita.
[2026-07-15T08:21:17.505Z] Trovate 1 sottoscrizioni attive idonee per il controllo.
[2026-07-15T08:21:17.510Z] [ALERT TRIGGERATO #11] Utente test_alert_1784103677373@example.com: Prezzo attuale 1.499 soddisfa la soglia (below_price / 1.600).
[2026-07-15T08:21:17.511Z] [TEST MODE] Salto invio email reale a test_alert_1784103677373@example.com per la sottoscrizione #11.
[2026-07-15T08:21:17.532Z] [SUCCESS #11] Notifica registrata nel database.
[2026-07-15T08:21:17.534Z] --- COMPLETATO CONTROLLO PREZZI E NOTIFICHE ---
[2026-07-15T08:21:17.535Z] Connessione al database chiusa.
[2026-07-15T08:31:18.732Z] --- INIZIO SCRIPT DI CONTROLLO PREZZI E NOTIFICHE ---
[2026-07-15T08:31:18.738Z] Connessione al database stabilita.
[2026-07-15T08:31:18.747Z] Trovate 1 sottoscrizioni attive idonee per il controllo.
[2026-07-15T08:31:18.752Z] [ALERT TRIGGERATO #13] Utente test_alert_1784104278680@example.com: Prezzo attuale 1.499 soddisfa la soglia (below_price / 1.600).
[2026-07-15T08:31:18.754Z] [TEST MODE] Salto invio email reale a test_alert_1784104278680@example.com per la sottoscrizione #13.
[2026-07-15T08:31:18.778Z] [SUCCESS #13] Notifica registrata nel database.
[2026-07-15T08:31:18.779Z] --- COMPLETATO CONTROLLO PREZZI E NOTIFICHE ---
[2026-07-15T08:31:18.780Z] Connessione al database chiusa.
[2026-07-15T08:33:21.596Z] --- INIZIO SCRIPT DI CONTROLLO PREZZI E NOTIFICHE ---
[2026-07-15T08:33:21.602Z] Connessione al database stabilita.
[2026-07-15T08:33:21.608Z] Trovate 1 sottoscrizioni attive idonee per il controllo.
[2026-07-15T08:33:21.614Z] [ALERT TRIGGERATO #15] Utente test_alert_1784104401542@example.com: Prezzo attuale 1.499 soddisfa la soglia (below_price / 1.600).
[2026-07-15T08:33:21.615Z] [TEST MODE] Email invio email reale a test_alert_1784104401542@example.com per la sottoscrizione #15.
[2026-07-15T08:33:23.396Z] [EMAIL SUCCESS] Email inviata con successo a test_alert_1784104401542@example.com per la sottoscrizione #15
[2026-07-15T08:33:23.427Z] [SUCCESS #15] Notifica registrata nel database.
[2026-07-15T08:33:23.428Z] --- COMPLETATO CONTROLLO PREZZI E NOTIFICHE ---
[2026-07-15T08:33:23.429Z] Connessione al database chiusa.
[2026-07-15T08:45:46.574Z] --- INIZIO SCRIPT DI CONTROLLO PREZZI E NOTIFICHE ---
[2026-07-15T08:45:46.581Z] Connessione al database stabilita.
[2026-07-15T08:45:46.586Z] Trovate 1 sottoscrizioni attive idonee per il controllo.
[2026-07-15T08:45:46.590Z] [ALERT TRIGGERATO #17] Utente test_alert_1784105146529@example.com: Prezzo attuale 1.499 soddisfa la soglia (below_price / 1.600).
[2026-07-15T08:45:46.591Z] [TEST MODE] Email invio email reale a test_alert_1784105146529@example.com per la sottoscrizione #17.
[2026-07-15T08:45:48.364Z] [EMAIL SUCCESS] Email inviata con successo a test_alert_1784105146529@example.com per la sottoscrizione #17
[2026-07-15T08:45:48.399Z] [SUCCESS #17] Notifica registrata nel database.
[2026-07-15T08:45:48.400Z] --- COMPLETATO CONTROLLO PREZZI E NOTIFICHE ---
[2026-07-15T08:45:48.402Z] Connessione al database chiusa.
[2026-07-15T08:47:41.724Z] --- INIZIO SCRIPT DI CONTROLLO PREZZI E NOTIFICHE ---
[2026-07-15T08:47:41.730Z] Connessione al database stabilita.
[2026-07-15T08:47:41.737Z] Trovate 1 sottoscrizioni attive idonee per il controllo.
[2026-07-15T08:47:41.742Z] [ALERT TRIGGERATO #19] Utente test_alert_1784105261672@example.com: Prezzo attuale 1.499 soddisfa la soglia (below_price / 1.600).
[2026-07-15T08:47:41.743Z] [TEST MODE] Email invio email reale a test_alert_1784105261672@example.com per la sottoscrizione #19.
[2026-07-15T08:47:43.232Z] [EMAIL SUCCESS] Email inviata con successo a test_alert_1784105261672@example.com per la sottoscrizione #19
[2026-07-15T08:47:43.262Z] [SUCCESS #19] Notifica registrata nel database.
[2026-07-15T08:47:43.263Z] --- COMPLETATO CONTROLLO PREZZI E NOTIFICHE ---
[2026-07-15T08:47:43.264Z] Connessione al database chiusa.
[2026-07-15T08:52:24.383Z] --- INIZIO SCRIPT DI CONTROLLO PREZZI E NOTIFICHE ---
[2026-07-15T08:52:24.430Z] Connessione al database stabilita.
[2026-07-15T08:52:24.438Z] Trovate 1 sottoscrizioni attive idonee per il controllo.
[2026-07-15T08:52:24.444Z] [ALERT TRIGGERATO #21] Utente test_alert_1784105544339@example.com: Prezzo attuale 1.499 soddisfa la soglia (below_price / 1.600).
[2026-07-15T08:52:24.446Z] [TEST MODE] Email invio email reale a test_alert_1784105544339@example.com per la sottoscrizione #21.
[2026-07-15T08:52:26.415Z] [EMAIL SUCCESS] Email inviata con successo a test_alert_1784105544339@example.com per la sottoscrizione #21
[2026-07-15T08:52:26.444Z] [SUCCESS #21] Notifica registrata nel database.
[2026-07-15T08:52:26.445Z] --- COMPLETATO CONTROLLO PREZZI E NOTIFICHE ---
[2026-07-15T08:52:26.447Z] Connessione al database chiusa.
