[2026-07-15T08:12:06.742Z] --- INIZIO SCRIPT DI IMPORTAZIONE ANAGRAFICA IMPIANTI ---
[2026-07-15T08:12:06.757Z] Connessione al database stabilita.
[2026-07-15T08:12:06.761Z]   - Download e processamento di: https://www.mimit.gov.it/images/exportCSV/anagrafica_impianti_attivi.csv
[2026-07-15T08:12:07.084Z]   - Impianti processati: 500 (ultimo batch di 500)
[2026-07-15T08:12:07.321Z]   - Impianti processati: 1000 (ultimo batch di 500)
[2026-07-15T08:12:07.458Z]   - Impianti processati: 1500 (ultimo batch di 500)
[2026-07-15T08:12:07.513Z]   - Impianti processati: 2000 (ultimo batch di 500)
[2026-07-15T08:12:07.573Z]   - Impianti processati: 2500 (ultimo batch di 500)
[2026-07-15T08:12:07.642Z]   - Impianti processati: 3000 (ultimo batch di 500)
[2026-07-15T08:12:07.705Z]   - Impianti processati: 3500 (ultimo batch di 500)
[2026-07-15T08:12:07.775Z]   - Impianti processati: 4000 (ultimo batch di 500)
[2026-07-15T08:12:07.864Z]   - Impianti processati: 4500 (ultimo batch di 500)
[2026-07-15T08:12:07.938Z]   - Impianti processati: 5000 (ultimo batch di 500)
[2026-07-15T08:12:07.994Z]   - Impianti processati: 5500 (ultimo batch di 500)
[2026-07-15T08:12:08.067Z]   - Impianti processati: 6000 (ultimo batch di 500)
[2026-07-15T08:12:08.121Z]   - Impianti processati: 6500 (ultimo batch di 500)
[2026-07-15T08:12:08.169Z]   - Impianti processati: 7000 (ultimo batch di 500)
[2026-07-15T08:12:08.206Z]   - Impianti processati: 7501 (ultimo batch di 501)
[2026-07-15T08:12:08.233Z]   - Impianti processati: 8001 (ultimo batch di 500)
[2026-07-15T08:12:08.256Z]   - Impianti processati: 8501 (ultimo batch di 500)
[2026-07-15T08:12:08.280Z]   - Impianti processati: 9002 (ultimo batch di 501)
[2026-07-15T08:12:08.302Z]   - Impianti processati: 9502 (ultimo batch di 500)
[2026-07-15T08:12:08.328Z]   - Impianti processati: 10003 (ultimo batch di 501)
[2026-07-15T08:12:08.349Z]   - Impianti processati: 10503 (ultimo batch di 500)
[2026-07-15T08:12:08.393Z]   - Impianti processati: 11004 (ultimo batch di 501)
[2026-07-15T08:12:08.431Z]   - Impianti processati: 11504 (ultimo batch di 500)
[2026-07-15T08:12:08.483Z]   - Impianti processati: 12004 (ultimo batch di 500)
[2026-07-15T08:12:08.520Z]   - Impianti processati: 12504 (ultimo batch di 500)
[2026-07-15T08:12:08.535Z]   - Impianti processati: 12879 (ultimo batch di 375)
[2026-07-15T08:12:08.549Z]   - Impianti processati: 12982 (ultimo batch di 103)
[2026-07-15T08:12:08.568Z]   - Impianti processati: 13081 (ultimo batch di 99)
[2026-07-15T08:12:08.585Z]   - Impianti processati: 13229 (ultimo batch di 148)
[2026-07-15T08:12:08.667Z]   - Impianti processati: 13730 (ultimo batch di 501)
[2026-07-15T08:12:08.684Z]   - Impianti processati: 14221 (ultimo batch di 491)
[2026-07-15T08:12:08.779Z]   - Impianti processati: 14723 (ultimo batch di 502)
[2026-07-15T08:12:08.818Z]   - Impianti processati: 15224 (ultimo batch di 501)
[2026-07-15T08:12:08.860Z]   - Impianti processati: 15725 (ultimo batch di 501)
[2026-07-15T08:12:08.913Z]   - Impianti processati: 16227 (ultimo batch di 502)
[2026-07-15T08:12:08.954Z]   - Impianti processati: 16729 (ultimo batch di 502)
[2026-07-15T08:12:08.979Z]   - Impianti processati: 17014 (ultimo batch di 285)
[2026-07-15T08:12:08.994Z]   - Impianti processati: 17073 (ultimo batch di 59)
[2026-07-15T08:12:09.015Z]   - Impianti processati: 17124 (ultimo batch di 51)
[2026-07-15T08:12:09.032Z]   - Impianti processati: 17179 (ultimo batch di 55)
[2026-07-15T08:12:09.055Z]   - Impianti processati: 17347 (ultimo batch di 168)
[2026-07-15T08:12:09.085Z]   - Impianti processati: 17455 (ultimo batch di 108)
[2026-07-15T08:12:09.105Z]   - Impianti processati: 17587 (ultimo batch di 132)
[2026-07-15T08:12:09.126Z]   - Impianti processati: 17804 (ultimo batch di 217)
[2026-07-15T08:12:09.143Z]   - Impianti processati: 17966 (ultimo batch di 162)
[2026-07-15T08:12:09.160Z]   - Impianti processati: 18124 (ultimo batch di 158)
[2026-07-15T08:12:09.278Z]   - Impianti processati: 18626 (ultimo batch di 502)
[2026-07-15T08:12:09.319Z]   - Impianti processati: 19126 (ultimo batch di 500)
[2026-07-15T08:12:09.357Z]   - Impianti processati: 19626 (ultimo batch di 500)
[2026-07-15T08:12:09.396Z]   - Impianti processati: 20126 (ultimo batch di 500)
[2026-07-15T08:12:09.442Z]   - Impianti processati: 20626 (ultimo batch di 500)
[2026-07-15T08:12:09.464Z]   - Impianti processati: 21126 (ultimo batch di 500)
[2026-07-15T08:12:09.483Z]   - Impianti processati: 21554 (ultimo batch di 428)
[2026-07-15T08:12:09.501Z]   - Impianti processati: 21609 (ultimo batch di 55)
[2026-07-15T08:12:09.627Z]   - Impianti processati: 22111 (ultimo batch di 502)
[2026-07-15T08:12:09.643Z]   - Impianti processati: 22264 (ultimo batch di 153)
[2026-07-15T08:12:09.658Z]   - Impianti processati: 22375 (ultimo batch di 111)
[2026-07-15T08:12:09.723Z]   - Impianti processati: 22877 (ultimo batch di 502)
[2026-07-15T08:12:09.740Z]   - Impianti processati: 23245 (ultimo batch di 368)
[2026-07-15T08:12:09.753Z]   - Impianti processati: 23245 (ultimo batch di 0)
[2026-07-15T08:12:09.764Z]   - Impianti processati: 23245 (ultimo batch di 0)
[2026-07-15T08:12:09.765Z] 
--- IMPORTAZIONE ANAGRAFICA COMPLETATA. Impianti totali processati: 23245 ---
[2026-07-15T08:12:09.992Z] [EMAIL] Notifica email inviata: "CRON Job Success: Importazione Anagrafica"
[2026-07-15T08:12:09.994Z] Connessione al database chiusa.
[2026-07-15T08:12:09.996Z] Fine esecuzione script importazione anagrafica.
